Microsemi Libero Software
Version: 11.8.0.26
Release: v11.8

C:\Users\aczuba\TCL\spw_script\P3_DPU.adb
Info: The design C:\Users\aczuba\TCL\spw_script\P3_DPU.adb was last modified by software version
      11.8.0.26.
Opened an existing design C:\Users\aczuba\TCL\spw_script\P3_DPU.adb.
Design closed.

Info: The design C:\Users\aczuba\TCL\spw_script\P3_DPU.adb was last modified by software version
      11.8.0.26.
Opened an existing design C:\Users\aczuba\TCL\spw_script\P3_DPU.adb.
Design opened successfully
iSpw0* is argv0
iSpw0* is argv1
*r.do* is argv2
While analyzing gated clock network, ambiguities have been found on gates
HIEFFPLA_INST_2_385292:Y.
The timing models of these gates have been simplified for Static Timing Analysis.
Warning: The command  [timer] failed with error code 0x1
Failed to set path 
 Error while executing command miro_st_create_set: Set creation failed
    while executing
"miro_st_create_set {-name} { iToRegClk } {-source} { $::argv1 } {-sink} { $::argv2 }"
    invoked from within
"st_create_set -name { iToRegClk } -source { $::argv1 } -sink { $::argv2 }" 
 NONE
Error: Failure when executing Tcl script. [ Line 44: invalid command name "}" ]

The Execute Script command failed ( 00:01:37 )
Design closed.

